<?xml version="1.0" encoding="UTF-8"?>
<!-- Generated by org.testng.reporters.JUnitXMLReporter -->
<testsuite ignored="3" hostname="Shailu" failures="0" tests="3" name="Default test" time="15.308" errors="0" timestamp="2021-12-13T17:14:08 IST">
  <testcase classname="automationdemo.test.TargetAutomation" name="login1" time="4.373"/>
  <testcase classname="automationdemo.test.TargetAutomation" name="login2" time="2.862"/>
  <testcase classname="automationdemo.test.TargetAutomation" name="login3" time="2.791"/>
  <testcase classname="automationdemo.test.TargetAutomation" name="login" time="0.0">
    <ignored/>
  </testcase> <!-- login -->
  <testcase classname="automationdemo.test.TargetAutomation" name="VerifySocialLinks" time="0.0">
    <ignored/>
  </testcase> <!-- VerifySocialLinks -->
  <testcase classname="automationdemo.test.TargetAutomation" name="SortProducts" time="0.0">
    <ignored/>
  </testcase> <!-- SortProducts -->
</testsuite> <!-- Default test -->
