<?xml version="1.0" encoding="UTF-8"?>
<testng-results ignored="3" total="6" passed="3" failed="0" skipped="0">
  <reporter-output>
  </reporter-output>
  <suite started-at="2021-12-13T17:13:53 IST" name="Default suite" finished-at="2021-12-13T17:14:08 IST" duration-ms="15308">
    <groups>
    </groups>
    <test started-at="2021-12-13T17:13:53 IST" name="Default test" finished-at="2021-12-13T17:14:08 IST" duration-ms="15308">
      <class name="automationdemo.test.TargetAutomation">
        <test-method signature="login1(java.util.HashMap)[pri:0, instance:automationdemo.test.TargetAutomation@29ea78b1]" started-at="2021-12-13T17:13:57 IST" name="login1" data-provider="testData" finished-at="2021-12-13T17:14:01 IST" duration-ms="4373" status="PASS">
          <params>
            <param index="0">
              <value>
                <![CDATA[{password=secret_sauce, username=standard_user}]]>
              </value>
            </param>
          </params>
          <reporter-output>
          </reporter-output>
        </test-method> <!-- login1 -->
        <test-method is-config="true" signature="afterMethod(org.testng.ITestResult)[pri:0, instance:automationdemo.test.TargetAutomation@29ea78b1]" started-at="2021-12-13T17:14:01 IST" name="afterMethod" finished-at="2021-12-13T17:14:01 IST" duration-ms="467" status="PASS">
          <params>
            <param index="0">
              <value>
                <![CDATA[[TestResult name=login1 status=SUCCESS method=TargetAutomation.login1(java.util.HashMap)[pri:0, instance:automationdemo.test.TargetAutomation@29ea78b1] output={null}]]]>
              </value>
            </param>
          </params>
          <reporter-output>
          </reporter-output>
        </test-method> <!-- afterMethod -->
        <test-method signature="login2(java.util.HashMap)[pri:0, instance:automationdemo.test.TargetAutomation@29ea78b1]" started-at="2021-12-13T17:14:02 IST" name="login2" data-provider="testData" finished-at="2021-12-13T17:14:05 IST" duration-ms="2862" status="PASS">
          <params>
            <param index="0">
              <value>
                <![CDATA[{password=secret_sauce, username=locked_out_user}]]>
              </value>
            </param>
          </params>
          <reporter-output>
          </reporter-output>
        </test-method> <!-- login2 -->
        <test-method is-config="true" signature="afterMethod(org.testng.ITestResult)[pri:0, instance:automationdemo.test.TargetAutomation@29ea78b1]" started-at="2021-12-13T17:14:05 IST" name="afterMethod" finished-at="2021-12-13T17:14:05 IST" duration-ms="270" status="PASS">
          <params>
            <param index="0">
              <value>
                <![CDATA[[TestResult name=login2 status=SUCCESS method=TargetAutomation.login2(java.util.HashMap)[pri:0, instance:automationdemo.test.TargetAutomation@29ea78b1] output={null}]]]>
              </value>
            </param>
          </params>
          <reporter-output>
          </reporter-output>
        </test-method> <!-- afterMethod -->
        <test-method signature="login3(java.util.HashMap)[pri:0, instance:automationdemo.test.TargetAutomation@29ea78b1]" started-at="2021-12-13T17:14:05 IST" name="login3" data-provider="testData" finished-at="2021-12-13T17:14:08 IST" duration-ms="2791" status="PASS">
          <params>
            <param index="0">
              <value>
                <![CDATA[{password=secret_sauce, username=problem_user}]]>
              </value>
            </param>
          </params>
          <reporter-output>
          </reporter-output>
        </test-method> <!-- login3 -->
        <test-method is-config="true" signature="afterMethod(org.testng.ITestResult)[pri:0, instance:automationdemo.test.TargetAutomation@29ea78b1]" started-at="2021-12-13T17:14:08 IST" name="afterMethod" finished-at="2021-12-13T17:14:08 IST" duration-ms="264" status="PASS">
          <params>
            <param index="0">
              <value>
                <![CDATA[[TestResult name=login3 status=SUCCESS method=TargetAutomation.login3(java.util.HashMap)[pri:0, instance:automationdemo.test.TargetAutomation@29ea78b1] output={null}]]]>
              </value>
            </param>
          </params>
          <reporter-output>
          </reporter-output>
        </test-method> <!-- afterMethod -->
        <test-method is-config="true" signature="closeDriver()[pri:0, instance:automationdemo.test.TargetAutomation@29ea78b1]" started-at="2021-12-13T17:14:08 IST" name="closeDriver" finished-at="2021-12-13T17:14:08 IST" duration-ms="326" status="PASS">
          <reporter-output>
          </reporter-output>
        </test-method> <!-- closeDriver -->
      </class> <!-- automationdemo.test.TargetAutomation -->
    </test> <!-- Default test -->
  </suite> <!-- Default suite -->
</testng-results>
